2026-05-01 03:48:05 INFO  (LoggingInitialization) Using log config file: jar:file:/home/horus/tools/ghidra_12.0.4_PUBLIC/Ghidra/Framework/Generic/lib/Generic.jar!/generic.log4j.xml  
2026-05-01 03:48:05 INFO  (LoggingInitialization) Using log file: ghidra/headless.log  
2026-05-01 03:48:05 INFO  (Preferences) Loading user preferences: /home/horus/.config/ghidra/ghidra_12.0.4_PUBLIC/preferences  
2026-05-01 03:48:05 INFO  (ClassSearcher) Searching for classes...  
2026-05-01 03:48:06 INFO  (ClassSearcher) Class search complete (1109 ms)  
2026-05-01 03:48:06 INFO  (DefaultSSLContextInitializer) Initializing SSL Context  
2026-05-01 03:48:06 INFO  (SecureRandomFactory) Initializing Random Number Generator...  
2026-05-01 03:48:06 INFO  (SecureRandomFactory) Random Number Generator initialization complete: NativePRNGNonBlocking  
2026-05-01 03:48:06 INFO  (DefaultTrustManagerFactory) Trust manager disabled, cacerts have not been set  
2026-05-01 03:48:06 INFO  (FileCacheMaintenanceDaemon) Starting cache cleanup: /var/tmp/horus-ghidra/fscache2  
2026-05-01 03:48:06 INFO  (FileCacheMaintenanceDaemon) Finished cache cleanup, estimated storage used: 0  
2026-05-01 03:48:06 INFO  (AnalyzeHeadless) Headless startup complete (1967 ms)  
2026-05-01 03:48:06 INFO  (ClassSearcher) Class searcher loaded 89 extension points (43 false positives)  
2026-05-01 03:48:06 INFO  (HeadlessAnalyzer) HEADLESS Script Paths:
    /home/horus/tools/ghidra_12.0.4_PUBLIC/Ghidra/Features/GnuDemangler/ghidra_scripts
    /home/horus/tools/ghidra_12.0.4_PUBLIC/Ghidra/Debug/Debugger-rmi-trace/ghidra_scripts
    /home/horus/tools/ghidra_12.0.4_PUBLIC/Ghidra/Debug/Debugger/ghidra_scripts
    /home/horus/tools/ghidra_12.0.4_PUBLIC/Ghidra/Features/BytePatterns/ghidra_scripts
    /home/horus/tools/ghidra_12.0.4_PUBLIC/Ghidra/Features/Decompiler/ghidra_scripts
    /home/horus/tools/ghidra_12.0.4_PUBLIC/Ghidra/Features/WildcardAssembler/ghidra_scripts
    /home/horus/tools/ghidra_12.0.4_PUBLIC/Ghidra/Features/PyGhidra/ghidra_scripts
    /home/horus/tools/ghidra_12.0.4_PUBLIC/Ghidra/Features/BSim/ghidra_scripts
    /home/horus/tools/ghidra_12.0.4_PUBLIC/Ghidra/Processors/JVM/ghidra_scripts
    /home/horus/tools/ghidra_12.0.4_PUBLIC/Ghidra/Features/FunctionID/ghidra_scripts
    /home/horus/tools/ghidra_12.0.4_PUBLIC/Ghidra/Processors/8051/ghidra_scripts
    /home/horus/tools/ghidra_12.0.4_PUBLIC/Ghidra/Processors/PIC/ghidra_scripts
    /home/horus/tools/ghidra_12.0.4_PUBLIC/Ghidra/Features/DecompilerDependent/ghidra_scripts
    /home/horus/tools/ghidra_12.0.4_PUBLIC/Ghidra/Features/FileFormats/ghidra_scripts
    /home/horus/tools/ghidra_12.0.4_PUBLIC/Ghidra/Features/PDB/ghidra_scripts
    /home/horus/tools/ghidra_12.0.4_PUBLIC/Ghidra/Features/VersionTracking/ghidra_scripts
    /home/horus/tools/ghidra_12.0.4_PUBLIC/Ghidra/Processors/DATA/ghidra_scripts
    /home/horus/tools/ghidra_12.0.4_PUBLIC/Ghidra/Processors/Atmel/ghidra_scripts
    /home/horus/tools/ghidra_12.0.4_PUBLIC/Ghidra/Features/SwiftDemangler/ghidra_scripts
    /home/horus/tools/ghidra_12.0.4_PUBLIC/Ghidra/Features/Base/ghidra_scripts
    /home/horus/tools/ghidra_12.0.4_PUBLIC/Ghidra/Features/MicrosoftCodeAnalyzer/ghidra_scripts
    /home/horus/tools/ghidra_12.0.4_PUBLIC/Ghidra/Features/SystemEmulation/ghidra_scripts
    /home/horus/tools/ghidra_12.0.4_PUBLIC/Ghidra/Features/Jython/ghidra_scripts  
2026-05-01 03:48:06 INFO  (HeadlessAnalyzer) HEADLESS: execution starts  
2026-05-01 03:48:06 INFO  (HeadlessAnalyzer) Creating project: /home/horus/Bureau/G/projetc/ghidra/iw4x-project/iw4x  
2026-05-01 03:48:07 INFO  (DefaultProject) Creating project: /home/horus/Bureau/G/projetc/ghidra/iw4x-project/iw4x  
2026-05-01 03:48:07 INFO  (HeadlessAnalyzer) REPORT: Processing input files:   
2026-05-01 03:48:07 INFO  (HeadlessAnalyzer)      project: /home/horus/Bureau/G/projetc/ghidra/iw4x-project/iw4x  
2026-05-01 03:48:07 INFO  (HeadlessAnalyzer) IMPORTING: file:///home/horus/Bureau/G/CODA/iw4x.dll  
2026-05-01 03:48:07 INFO  (ProgramLoader) Using Loader: Portable Executable (PE)  
2026-05-01 03:48:07 INFO  (ProgramLoader) Using Language/Compiler: x86:LE:32:default:windows  
2026-05-01 03:48:07 INFO  (ProgramLoader) Using Library Search Path: [., /bin, /lib, /lib64, /lib/x86_64-linux-gnu, /lib/aarch64-linux-gnu, /usr/bin, /usr/lib, /usr/X11R6/bin, /usr/X11R6/lib, /usr/java/packages/lib, /usr/lib/x86_64-linux-gnu/jni, /usr/lib/x86_64-linux-gnu, /usr/lib/jni]  
2026-05-01 03:48:08 INFO  (TLSDirectory) TLS callbacks at 101e1908  
2026-05-01 03:48:09 INFO  (ProgramLoader) Additional info:
Loading file:///home/horus/Bureau/G/CODA/iw4x.dll?MD5=324f60c7d5ba83a196365e81f7a30f92...
------------------------------------------------

Searching 10 paths for library ADVAPI32.DLL...
Library not found.
------------------------------------------------

Searching 10 paths for library BCRYPT.DLL...
Library not found.
------------------------------------------------

Searching 10 paths for library COMCTL32.DLL...
Library not found.
------------------------------------------------

Searching 10 paths for library D3D9.DLL...
Library not found.
------------------------------------------------

Searching 10 paths for library D3DX9_43.DLL...
Library not found.
------------------------------------------------

Searching 10 paths for library DBGHELP.DLL...
Library not found.
------------------------------------------------

Searching 10 paths for library DWMAPI.DLL...
Library not found.
------------------------------------------------

Searching 10 paths for library GDI32.DLL...
Library not found.
------------------------------------------------

Searching 10 paths for library HID.DLL...
Library not found.
------------------------------------------------

Searching 10 paths for library IPHLPAPI.DLL...
Library not found.
------------------------------------------------

Searching 10 paths for library KERNEL32.DLL...
Library not found.
------------------------------------------------

Searching 10 paths for library OLE32.DLL...
Library not found.
------------------------------------------------

Searching 10 paths for library SETUPAPI.DLL...
Library not found.
------------------------------------------------

Searching 10 paths for library SHELL32.DLL...
Library not found.
------------------------------------------------

Searching 10 paths for library SHLWAPI.DLL...
Library not found.
------------------------------------------------

Searching 10 paths for library USER32.DLL...
Library not found.
------------------------------------------------

Searching 10 paths for library WININET.DLL...
Library not found.
------------------------------------------------

Searching 10 paths for library WINMM.DLL...
Library not found.
------------------------------------------------

Searching 10 paths for library WS2_32.DLL...
Library not found.
------------------------------------------------

Searching 10 paths for library XINPUT1_3.DLL...
Library not found.
------------------------------------------------

Linking the External Programs of 'iw4x.dll' to imported libraries...
  [KERNEL32.DLL] -> not found in project
  [USER32.DLL] -> not found in project
  [GDI32.DLL] -> not found in project
  [ADVAPI32.DLL] -> not found in project
  [SHELL32.DLL] -> not found in project
  [OLE32.DLL] -> not found in project
  [D3DX9_43.DLL] -> not found in project
  [XINPUT1_3.DLL] -> not found in project
  [DWMAPI.DLL] -> not found in project
  [IPHLPAPI.DLL] -> not found in project
  [SETUPAPI.DLL] -> not found in project
  [HID.DLL] -> not found in project
  [COMCTL32.DLL] -> not found in project
  [WINMM.DLL] -> not found in project
  [WS2_32.DLL] -> not found in project
  [D3D9.DLL] -> not found in project
  [WININET.DLL] -> not found in project
  [SHLWAPI.DLL] -> not found in project
  [DBGHELP.DLL] -> not found in project
  [BCRYPT.DLL] -> not found in project
------------------------------------------------

  
2026-05-01 03:48:09 INFO  (HeadlessAnalyzer) IMPORTING: Loaded 0 additional files  
2026-05-01 03:48:09 INFO  (HeadlessAnalyzer) ANALYZING all memory and code: file:///home/horus/Bureau/G/CODA/iw4x.dll  
2026-05-01 03:48:09 WARN  (NoReturnFunctionAnalyzer) Ignoring leading '_' chars on no-return name '___raise_securityfailure' specified in file: /home/horus/tools/ghidra_12.0.4_PUBLIC/Ghidra/Features/Base/data/PEFunctionsThatDoNotReturn  
2026-05-01 03:48:09 WARN  (NoReturnFunctionAnalyzer) Ignoring leading '_' chars on no-return name '___report_rangecheckfailure' specified in file: /home/horus/tools/ghidra_12.0.4_PUBLIC/Ghidra/Features/Base/data/PEFunctionsThatDoNotReturn  
2026-05-01 03:48:09 DEBUG (SymbolServerService) SymbolServerService: querying Program's Import Location - /home/horus/Bureau/G/CODA for iw4x.pdb, 54648155-8168-4271-8c60-12135e273078, 1, 0, ???  
2026-05-01 03:48:09 DEBUG (SymbolServerService) SymbolServerService: got 0 results from Program's Import Location - /home/horus/Bureau/G/CODA  
2026-05-01 03:48:09 DEBUG (SymbolServerService) SymbolServerService: found 0 matches  
2026-05-01 03:48:09 INFO  (PdbUniversalAnalyzer) Skipping PDB processing: failed to locate PDB file in configured locations  
2026-05-01 03:48:09 INFO  (PdbUniversalAnalyzer) Use a script to set the PDB file location. I.e.,
    PdbAnalyzer.setPdbFileOption(currentProgram, new File("/path/to/pdb/file.pdb")); or
    PdbUniversalAnalyzer.setPdbFileOption(currentProgram, new File("/path/to/pdb/file.pdb"));
Or set the symbol server search configuration using:    PdbPlugin.saveSymbolServerServiceConfig(...);
 This must be done using a pre-script (prior to analysis).  
2026-05-01 03:48:09 INFO  (PackedDatabaseCache) Packed database cache: /var/tmp/horus-ghidra/packed-db-cache  
2026-05-01 03:48:09 DEBUG (PackedDatabaseCache) Caching packed database: /home/horus/tools/ghidra_12.0.4_PUBLIC/Ghidra/Features/Base/data/typeinfo/win32/windows_vs12_32.gdt  
2026-05-01 03:48:09 DEBUG (PackedDatabase) Unpacking database /home/horus/tools/ghidra_12.0.4_PUBLIC/Ghidra/Features/Base/data/typeinfo/win32/windows_vs12_32.gdt -> /var/tmp/horus-ghidra/packed-db-cache/pdb46E3E0EB/db.1.gbf  
2026-05-01 03:48:09 DEBUG (PackedDatabaseCache) Cache update completed: /home/horus/tools/ghidra_12.0.4_PUBLIC/Ghidra/Features/Base/data/typeinfo/win32/windows_vs12_32.gdt  
2026-05-01 03:48:18 WARN  (DecompileCallback) Decompiling 1000f828, pcode error at 1000fa64: Unable to resolve constructor at 1000fa64  
2026-05-01 03:50:06 INFO  (TypeDescriptorModel) Unprocessed TypeDescriptor: void (__cdecl *)(int,char const *,char const *,char const *)  
2026-05-01 03:50:06 INFO  (TypeDescriptorModel) Unprocessed TypeDescriptor: void (__cdecl *)(void)  
2026-05-01 03:50:06 INFO  (TypeDescriptorModel) Unprocessed TypeDescriptor: void (__cdecl *)(int)  
2026-05-01 03:50:06 INFO  (TypeDescriptorModel) Unprocessed TypeDescriptor: void (__cdecl *)(struct Game::dvar_t const *,char const *)  
2026-05-01 03:50:06 INFO  (TypeDescriptorModel) Unprocessed TypeDescriptor: void (__cdecl *)(struct Game::msg_t *,char const *)  
2026-05-01 03:50:06 INFO  (TypeDescriptorModel) Unprocessed TypeDescriptor: unsigned int (__cdecl *)(void)  
2026-05-01 03:50:06 INFO  (TypeDescriptorModel) Unprocessed TypeDescriptor: char const * (__cdecl *)(unsigned int,int)  
2026-05-01 03:50:06 INFO  (TypeDescriptorModel) Unprocessed TypeDescriptor: void (__cdecl *)(unsigned int)  
2026-05-01 03:50:06 INFO  (TypeDescriptorModel) Unprocessed TypeDescriptor: void (__cdecl *)(char *,char const *,char const *)  
2026-05-01 03:50:06 INFO  (TypeDescriptorModel) Unprocessed TypeDescriptor: int (__cdecl *)(char const *,char const *)  
2026-05-01 03:50:06 INFO  (TypeDescriptorModel) Unprocessed TypeDescriptor: void (__cdecl *)(struct Game::PartyData *,char const *)  
2026-05-01 03:50:06 INFO  (TypeDescriptorModel) Unprocessed TypeDescriptor: struct Game::PlayerCardData * (__cdecl *)(unsigned int)  
2026-05-01 03:50:06 INFO  (TypeDescriptorModel) Unprocessed TypeDescriptor: void (__cdecl *)(struct Game::gentity_s *,class Components::Command::ServerParams const *)  
2026-05-01 03:50:06 INFO  (TypeDescriptorModel) Unprocessed TypeDescriptor: struct Game::XModel * (__cdecl *)(char const *)  
2026-05-01 03:50:06 INFO  (TypeDescriptorModel) Unprocessed TypeDescriptor: int (__cdecl *)(void *,int,int)  
2026-05-01 03:50:06 INFO  (TypeDescriptorModel) Unprocessed TypeDescriptor: long (__stdcall *)(struct HWND__ *,unsigned int,unsigned int,unsigned int)  
2026-05-01 03:50:06 INFO  (TypeDescriptorModel) Unprocessed TypeDescriptor: class std::optional<class std::basic_string<char,struct std::char_traits<char>,class std::allocator<char> > > (__cdecl *)(struct mg_connection *,struct mg_http_message const *)  
2026-05-01 03:50:06 INFO  (TypeDescriptorModel) Unprocessed TypeDescriptor: void (__cdecl *)(char const *,char const *)  
2026-05-01 03:50:06 INFO  (TypeDescriptorModel) Unprocessed TypeDescriptor: void (__cdecl *)(struct Game::client_s *)  
2026-05-01 03:50:06 INFO  (TypeDescriptorModel) Unprocessed TypeDescriptor: void (__cdecl *)(unsigned char)  
2026-05-01 03:50:06 INFO  (TypeDescriptorModel) Unprocessed TypeDescriptor: int (__cdecl *)(unsigned char *,int,unsigned char *)  
2026-05-01 03:50:06 INFO  (TypeDescriptorModel) Unprocessed TypeDescriptor: int (__cdecl *)(struct z_stream_s *,char const *,int)  
2026-05-01 03:50:06 INFO  (TypeDescriptorModel) Unprocessed TypeDescriptor: void (__cdecl *)(struct Game::XZoneInfo *,unsigned int)  
2026-05-01 03:50:06 INFO  (TypeDescriptorModel) Unprocessed TypeDescriptor: void (__cdecl *)(int,int)  
2026-05-01 03:50:06 INFO  (TypeDescriptorModel) Unprocessed TypeDescriptor: void (__cdecl *)(char const *)  
2026-05-01 03:50:06 INFO  (TypeDescriptorModel) Unprocessed TypeDescriptor: void (__cdecl *)(void *)  
2026-05-01 03:50:06 INFO  (TypeDescriptorModel) Unprocessed TypeDescriptor: struct Game::HunkUser * (__cdecl *)(int,char const *,bool,int)  
2026-05-01 03:50:06 INFO  (TypeDescriptorModel) Unprocessed TypeDescriptor: void (__cdecl * (__cdecl *)(char const * *,int *))(void)   
2026-05-01 03:50:06 INFO  (TypeDescriptorModel) Unprocessed TypeDescriptor: void (__cdecl * (__cdecl *)(char const * *))(struct Game::scr_entref_t)   
2026-05-01 03:50:06 INFO  (TypeDescriptorModel) Unprocessed TypeDescriptor: void (__cdecl * (__cdecl *)(char const * *,int *))(struct Game::scr_entref_t)   
2026-05-01 03:50:06 INFO  (TypeDescriptorModel) Unprocessed TypeDescriptor: void (__cdecl *)(int,char *,int)  
2026-05-01 03:50:06 INFO  (TypeDescriptorModel) Unprocessed TypeDescriptor: void (__cdecl *)(int,int,int,unsigned int)  
2026-05-01 03:50:06 INFO  (TypeDescriptorModel) Unprocessed TypeDescriptor: int (__cdecl *)(int,int,int,int)  
2026-05-01 03:50:06 INFO  (TypeDescriptorModel) Unprocessed TypeDescriptor: void (__cdecl *)(class Components::Command::Params const *)  
2026-05-01 03:50:06 INFO  (TypeDescriptorModel) Unprocessed TypeDescriptor: void (__cdecl *)(struct Game::usercmd_s *)  
2026-05-01 03:50:06 INFO  (TypeDescriptorModel) Unprocessed TypeDescriptor: void (__cdecl *)(class std::basic_string<char,struct std::char_traits<char>,class std::allocator<char> > const &)  
2026-05-01 03:50:06 INFO  (TypeDescriptorModel) Unprocessed TypeDescriptor: void (__cdecl *)(struct Game::gentity_s *,int,int)  
2026-05-01 03:50:06 INFO  (TypeDescriptorModel) Unprocessed TypeDescriptor: unsigned short (__cdecl *)(int,struct Game::Bounds *)  
2026-05-01 03:50:06 INFO  (TypeDescriptorModel) Unprocessed TypeDescriptor: void (__cdecl *)(enum Game::XAssetType,union Game::XAssetHeader,class std::basic_string<char,struct std::char_traits<char>,class std::allocator<char> > const &,bool *)  
2026-05-01 03:50:06 INFO  (TypeDescriptorModel) Unprocessed TypeDescriptor: int (__cdecl *)(struct Game::Material *,struct Game::Material *)  
2026-05-01 03:50:06 INFO  (TypeDescriptorModel) Unprocessed TypeDescriptor: char * (__cdecl *)(struct Game::StructuredDataLookup *,struct Game::StructuredDataBuffer *)  
2026-05-01 03:50:06 INFO  (TypeDescriptorModel) Unprocessed TypeDescriptor: void (__cdecl *)(class Components::UIScript::Token const &,struct Game::uiInfo_s const *)  
2026-05-01 03:50:06 INFO  (TypeDescriptorModel) Unprocessed TypeDescriptor: int (__cdecl *)(char const *,char const *,int)  
2026-05-01 03:50:06 INFO  (TypeDescriptorModel) Unprocessed TypeDescriptor: void (__cdecl *)(class Components::Network::Address const &,class std::basic_string<char,struct std::char_traits<char>,class std::allocator<char> > const &)  
2026-05-01 03:50:06 INFO  (TypeDescriptorModel) Unprocessed TypeDescriptor: unsigned long (__cdecl *)(char *)  
2026-05-01 03:50:06 INFO  (TypeDescriptorModel) Unprocessed TypeDescriptor: int (__cdecl *)(struct Game::gentity_s *)  
2026-05-01 03:50:06 INFO  (TypeDescriptorModel) Unprocessed TypeDescriptor: void (__cdecl *)(struct Game::trace_t *,float const *,float const *,struct Game::Bounds const *,struct Game::Bounds const *,int,float const *,float const *)  
2026-05-01 03:50:06 INFO  (TypeDescriptorModel) Unprocessed TypeDescriptor: void (__cdecl *)(float const *,float,float const *)  
2026-05-01 03:50:06 INFO  (TypeDescriptorModel) Unprocessed TypeDescriptor: void (__cdecl *)(char *,char const *,int)  
2026-05-01 03:50:06 INFO  (TypeDescriptorModel) Unprocessed TypeDescriptor: int (__cdecl *)(char const *)  
2026-05-01 03:50:06 INFO  (TypeDescriptorModel) Unprocessed TypeDescriptor: void (__cdecl *)(struct Game::GfxConfiguration *)  
2026-05-01 03:50:06 INFO  (TypeDescriptorModel) Unprocessed TypeDescriptor: int (__cdecl *)(long,unsigned int)  
2026-05-01 03:50:06 INFO  (TypeDescriptorModel) Unprocessed TypeDescriptor: int (__cdecl *)(int,float,float,char const *,float *,int)  
2026-05-01 03:50:06 INFO  (TypeDescriptorModel) Unprocessed TypeDescriptor: int (__cdecl *)(struct Game::GfxCamera *,struct Game::GfxSunShadowMapMetrics *,struct Game::GfxSunShadow *,struct Game::GfxSunShadowClip *,float *)  
2026-05-01 03:50:06 INFO  (TypeDescriptorModel) Unprocessed TypeDescriptor: int (__cdecl *)(void)  
2026-05-01 03:50:06 INFO  (TypeDescriptorModel) Unprocessed TypeDescriptor: void (__cdecl *)(int,int,int,int,int,struct Game::FxEffectDef * *,struct Game::snd_alias_list_t * *)  
2026-05-01 03:50:06 INFO  (TypeDescriptorModel) Unprocessed TypeDescriptor: void (__cdecl *)(int,struct Game::centity_s *)  
2026-05-01 03:50:06 INFO  (TypeDescriptorModel) Unprocessed TypeDescriptor: double (__cdecl *)(struct Game::WeaponDef *,struct Game::LerpEntityStateTurret *,int)  
2026-05-01 03:50:06 INFO  (TypeDescriptorModel) Unprocessed TypeDescriptor: void (__cdecl *)(struct Game::client_s *,struct Game::msg_t *)  
2026-05-01 03:50:06 INFO  (TypeDescriptorModel) Unprocessed TypeDescriptor: int (__cdecl *)(int)  
2026-05-01 03:50:06 INFO  (TypeDescriptorModel) Unprocessed TypeDescriptor: char * (__cdecl *)(int)  
2026-05-01 03:50:06 INFO  (TypeDescriptorModel) Unprocessed TypeDescriptor: bool (__cdecl *)(void *,void *,void *)  
2026-05-01 03:50:06 INFO  (TypeDescriptorModel) Unprocessed TypeDescriptor: void (__cdecl *)(int,enum Game::CompassType,struct Game::rectDef_s const *,struct Game::rectDef_s const *,struct Game::Material *,float *)  
2026-05-01 03:50:06 INFO  (TypeDescriptorModel) Unprocessed TypeDescriptor: void (__cdecl *)(int,int,float *,int)  
2026-05-01 03:50:06 INFO  (TypeDescriptorModel) Unprocessed TypeDescriptor: void (__cdecl *)(struct Game::client_s *,struct Game::msg_t *,unsigned char *)  
2026-05-01 03:50:06 INFO  (TypeDescriptorModel) Unprocessed TypeDescriptor: void (__cdecl *)(struct Game::netadr_t *,struct Game::msg_t *)  
2026-05-01 03:50:06 INFO  (TypeDescriptorModel) Unprocessed TypeDescriptor: bool (__cdecl *)(struct Game::gentity_s const *,class Components::Command::ServerParams const *)  
2026-05-01 03:50:06 INFO  (TypeDescriptorModel) Unprocessed TypeDescriptor: void (__cdecl *)(void *,float *,float *,unsigned int *,enum Game::PlayerHandIndex)  
2026-05-01 03:50:06 INFO  (TypeDescriptorModel) Unprocessed TypeDescriptor: void (__stdcall *)(struct DPI_AWARENESS_CONTEXT__ *)  
2026-05-01 03:50:06 INFO  (TypeDescriptorModel) Unprocessed TypeDescriptor: int (__stdcall *)(struct HWND__ *,unsigned int,unsigned int,long)  
2026-05-01 03:50:06 INFO  (TypeDescriptorModel) Unprocessed TypeDescriptor: int (__cdecl *)(struct Game::dvar_t *,union Game::DvarValue)  
2026-05-01 03:50:06 INFO  (TypeDescriptorModel) Unprocessed TypeDescriptor: void (__cdecl *)(struct Game::cplane_s * *)  
2026-05-01 03:50:06 INFO  (TypeDescriptorModel) Unprocessed TypeDescriptor: void (__cdecl *)(struct Game::ClipMaterial * *)  
2026-05-01 03:50:06 INFO  (TypeDescriptorModel) Unprocessed TypeDescriptor: void (__cdecl *)(struct Game::cbrushside_t * *)  
2026-05-01 03:50:06 INFO  (TypeDescriptorModel) Unprocessed TypeDescriptor: void (__cdecl *)(char * *)  
2026-05-01 03:50:06 INFO  (TypeDescriptorModel) Unprocessed TypeDescriptor: void (__cdecl *)(struct Game::cLeafBrushNode_s * *)  
2026-05-01 03:50:06 INFO  (TypeDescriptorModel) Unprocessed TypeDescriptor: void (__cdecl *)(short * *)  
2026-05-01 03:50:06 INFO  (TypeDescriptorModel) Unprocessed TypeDescriptor: void (__cdecl *)(struct Game::cbrush_t * *)  
2026-05-01 03:50:06 INFO  (TypeDescriptorModel) Unprocessed TypeDescriptor: void (__cdecl *)(struct Game::Bounds * *)  
2026-05-01 03:50:06 INFO  (TypeDescriptorModel) Unprocessed TypeDescriptor: void (__cdecl *)(int * *)  
2026-05-01 03:50:06 INFO  (TypeDescriptorModel) Unprocessed TypeDescriptor: void (__cdecl *)(bool)  
2026-05-01 03:50:06 INFO  (TypeDescriptorModel) Unprocessed TypeDescriptor: void (__cdecl *)(int *)  
2026-05-01 03:50:06 INFO  (TypeDescriptorModel) Unprocessed TypeDescriptor: int (__cdecl *)(bool,int)  
2026-05-01 03:50:06 INFO  (TypeDescriptorModel) Unprocessed TypeDescriptor: int (__cdecl *)(bool)  
2026-05-01 03:50:06 INFO  (TypeDescriptorModel) Unprocessed TypeDescriptor: void (__cdecl *)(bool,int)  
2026-05-01 03:50:06 INFO  (TypeDescriptorModel) Unprocessed TypeDescriptor: void (__cdecl *)(bool,unsigned int)  
2026-05-01 03:50:06 INFO  (TypeDescriptorModel) Unprocessed TypeDescriptor: void (__cdecl *)(struct Game::FxWorld * *)  
2026-05-01 03:50:06 INFO  (TypeDescriptorModel) Unprocessed TypeDescriptor: void (__cdecl *)(struct Game::GameWorldMp * *)  
2026-05-01 03:50:06 INFO  (TypeDescriptorModel) Unprocessed TypeDescriptor: void (__cdecl *)(struct Game::XModel * *)  
2026-05-01 03:50:06 INFO  (TypeDescriptorModel) Unprocessed TypeDescriptor: void (__cdecl *)(struct Game::Material * *)  
2026-05-01 03:50:06 INFO  (TypeDescriptorModel) Unprocessed TypeDescriptor: class Steam::ISteamClient008 * (__cdecl *)(char const *,int *)  
2026-05-01 03:50:06 INFO  (TypeDescriptorModel) Unprocessed TypeDescriptor: bool (__cdecl *)(void *,void *)  
2026-05-01 03:50:06 INFO  (TypeDescriptorModel) Unprocessed TypeDescriptor: bool (__cdecl *)(void *,unsigned __int64,void *,int,int,bool *)  
2026-05-01 03:50:06 INFO  (TypeDescriptorModel) Unprocessed TypeDescriptor: class Steam::IClientEngine * (__cdecl *)(char const *,int *)  
2026-05-01 03:50:34 INFO  (ApplyDataArchiveAnalyzer) Applied data type archive: windows_vs12_32  
2026-05-01 03:50:34 INFO  (ApplyDataArchiveAnalyzer) Applied data type archive: windows_vs12_32  
2026-05-01 03:51:08 INFO  (AutoAnalysisManager) -----------------------------------------------------
    ASCII Strings                              0.800 secs
    Apply Data Archives                        0.290 secs
    Call Convention ID                         0.128 secs
    Call-Fixup Installer                       0.271 secs
    Create Address Tables                      0.735 secs
    Create Address Tables - One Time           1.439 secs
    Create Function                            2.255 secs
    Data Reference                             1.724 secs
    Decompiler Switch Analysis               102.508 secs
    Demangler Microsoft                        0.532 secs
    Disassemble                                5.851 secs
    Disassemble Entry Points                   0.413 secs
    Embedded Media                             0.044 secs
    External Entry References                  0.003 secs
    Function ID                                4.638 secs
    Function Start Pre Search                  0.029 secs
    Function Start Search                      0.915 secs
    Function Start Search After Code           0.350 secs
    Function Start Search After Data           0.277 secs
    Function Start Search delayed - One Time   0.000 secs
    Non-Returning Functions - Discovered       2.878 secs
    Non-Returning Functions - Known            0.006 secs
    PDB Universal                              0.012 secs
    Reference                                  1.881 secs
    Scalar Operand References                  4.579 secs
    Shared Return Calls                        1.512 secs
    Stack                                     15.983 secs
    Subroutine References                      2.440 secs
    Subroutine References - One Time           0.017 secs
    Windows x86 PE Exception Handling          6.456 secs
    Windows x86 PE RTTI Analyzer               0.888 secs
    Windows x86 Thread Environment Block (TEB) Analyzer     0.012 secs
    WindowsResourceReference                   3.123 secs
    X86 Function Callee Purge                  0.661 secs
    x86 Constant Reference Analyzer           14.588 secs
-----------------------------------------------------
     Total Time   178 secs
-----------------------------------------------------
  
2026-05-01 03:51:08 INFO  (HeadlessAnalyzer) REPORT: Analysis succeeded for file: file:///home/horus/Bureau/G/CODA/iw4x.dll  
2026-05-01 03:51:08 INFO  (LocalFileSystem) /iw4x.dll: file created (horus)  
2026-05-01 03:51:08 INFO  (HeadlessAnalyzer) REPORT: Save succeeded for: /iw4x.dll (iw4x:/iw4x.dll)  
2026-05-01 03:51:08 INFO  (HeadlessAnalyzer) REPORT: Import succeeded  
