2026-05-01 04:22:56 INFO  (LoggingInitialization) Using log config file: jar:file:/home/horus/tools/ghidra_12.0.4_PUBLIC/Ghidra/Framework/Generic/lib/Generic.jar!/generic.log4j.xml  
2026-05-01 04:22:56 INFO  (LoggingInitialization) Using log file: ghidra/headless-exe.log  
2026-05-01 04:22:56 INFO  (Preferences) Loading user preferences: /home/horus/.config/ghidra/ghidra_12.0.4_PUBLIC/preferences  
2026-05-01 04:22:56 INFO  (ClassSearcher) Searching for classes...  
2026-05-01 04:22:58 INFO  (ClassSearcher) Class search complete (1223 ms)  
2026-05-01 04:22:58 INFO  (DefaultSSLContextInitializer) Initializing SSL Context  
2026-05-01 04:22:58 INFO  (SecureRandomFactory) Initializing Random Number Generator...  
2026-05-01 04:22:58 INFO  (SecureRandomFactory) Random Number Generator initialization complete: NativePRNGNonBlocking  
2026-05-01 04:22:58 INFO  (DefaultTrustManagerFactory) Trust manager disabled, cacerts have not been set  
2026-05-01 04:22:58 INFO  (AnalyzeHeadless) Headless startup complete (2279 ms)  
2026-05-01 04:22:58 INFO  (ClassSearcher) Class searcher loaded 89 extension points (43 false positives)  
2026-05-01 04:22:58 INFO  (HeadlessAnalyzer) HEADLESS Script Paths:
    /home/horus/tools/ghidra_12.0.4_PUBLIC/Ghidra/Features/GnuDemangler/ghidra_scripts
    /home/horus/tools/ghidra_12.0.4_PUBLIC/Ghidra/Debug/Debugger-rmi-trace/ghidra_scripts
    /home/horus/tools/ghidra_12.0.4_PUBLIC/Ghidra/Debug/Debugger/ghidra_scripts
    /home/horus/tools/ghidra_12.0.4_PUBLIC/Ghidra/Features/BytePatterns/ghidra_scripts
    /home/horus/tools/ghidra_12.0.4_PUBLIC/Ghidra/Features/Decompiler/ghidra_scripts
    /home/horus/tools/ghidra_12.0.4_PUBLIC/Ghidra/Features/WildcardAssembler/ghidra_scripts
    /home/horus/tools/ghidra_12.0.4_PUBLIC/Ghidra/Features/PyGhidra/ghidra_scripts
    /home/horus/tools/ghidra_12.0.4_PUBLIC/Ghidra/Features/BSim/ghidra_scripts
    /home/horus/tools/ghidra_12.0.4_PUBLIC/Ghidra/Processors/JVM/ghidra_scripts
    /home/horus/tools/ghidra_12.0.4_PUBLIC/Ghidra/Features/FunctionID/ghidra_scripts
    /home/horus/tools/ghidra_12.0.4_PUBLIC/Ghidra/Processors/8051/ghidra_scripts
    /home/horus/tools/ghidra_12.0.4_PUBLIC/Ghidra/Processors/PIC/ghidra_scripts
    /home/horus/tools/ghidra_12.0.4_PUBLIC/Ghidra/Features/DecompilerDependent/ghidra_scripts
    /home/horus/tools/ghidra_12.0.4_PUBLIC/Ghidra/Features/FileFormats/ghidra_scripts
    /home/horus/tools/ghidra_12.0.4_PUBLIC/Ghidra/Features/PDB/ghidra_scripts
    /home/horus/tools/ghidra_12.0.4_PUBLIC/Ghidra/Features/VersionTracking/ghidra_scripts
    /home/horus/tools/ghidra_12.0.4_PUBLIC/Ghidra/Processors/DATA/ghidra_scripts
    /home/horus/tools/ghidra_12.0.4_PUBLIC/Ghidra/Processors/Atmel/ghidra_scripts
    /home/horus/tools/ghidra_12.0.4_PUBLIC/Ghidra/Features/SwiftDemangler/ghidra_scripts
    /home/horus/tools/ghidra_12.0.4_PUBLIC/Ghidra/Features/Base/ghidra_scripts
    /home/horus/tools/ghidra_12.0.4_PUBLIC/Ghidra/Features/MicrosoftCodeAnalyzer/ghidra_scripts
    /home/horus/tools/ghidra_12.0.4_PUBLIC/Ghidra/Features/SystemEmulation/ghidra_scripts
    /home/horus/tools/ghidra_12.0.4_PUBLIC/Ghidra/Features/Jython/ghidra_scripts  
2026-05-01 04:22:58 INFO  (HeadlessAnalyzer) HEADLESS: execution starts  
2026-05-01 04:22:58 INFO  (HeadlessAnalyzer) Opening existing project: /home/horus/Bureau/G/projetc/ghidra/iw4x-project/iw4x  
2026-05-01 04:22:59 INFO  (HeadlessProject) Opening project: /home/horus/Bureau/G/projetc/ghidra/iw4x-project/iw4x  
2026-05-01 04:22:59 INFO  (HeadlessAnalyzer) REPORT: Processing input files:   
2026-05-01 04:22:59 INFO  (HeadlessAnalyzer)      project: /home/horus/Bureau/G/projetc/ghidra/iw4x-project/iw4x  
2026-05-01 04:22:59 INFO  (HeadlessAnalyzer) IMPORTING: file:///home/horus/Bureau/G/CODA/iw4x.exe  
2026-05-01 04:23:00 INFO  (ProgramLoader) Using Loader: Portable Executable (PE)  
2026-05-01 04:23:00 INFO  (ProgramLoader) Using Language/Compiler: x86:LE:32:default:windows  
2026-05-01 04:23:00 INFO  (ProgramLoader) Using Library Search Path: [., /bin, /lib, /lib64, /lib/x86_64-linux-gnu, /lib/aarch64-linux-gnu, /usr/bin, /usr/lib, /usr/X11R6/bin, /usr/X11R6/lib, /usr/java/packages/lib, /usr/lib/x86_64-linux-gnu/jni, /usr/lib/x86_64-linux-gnu, /usr/lib/jni]  
2026-05-01 04:23:00 INFO  (TLSDirectory) TLS callbacks at 6d7be0  
2026-05-01 04:23:02 INFO  (ProgramLoader) Additional info:
Loading file:///home/horus/Bureau/G/CODA/iw4x.exe?MD5=9c42ffa4f7aefd08fd501b40f5e41eab...
------------------------------------------------

Searching 10 paths for library ADVAPI32.DLL...
Library not found.
------------------------------------------------

Searching 10 paths for library BINKW32.DLL...
Loading file:///home/horus/Bureau/G/CODA/binkw32.dll?MD5=aefcee5d1319929889267a470d261edc...
Created exports file: /home/horus/.config/ghidra/ghidra_12.0.4_PUBLIC/symbols/win32/binkw32.exports
Library not saved to project.
------------------------------------------------

Searching 10 paths for library D3D9.DLL...
Library not found.
------------------------------------------------

Searching 10 paths for library DDRAW.DLL...
Library not found.
------------------------------------------------

Searching 10 paths for library DSOUND.DLL...
Library not found.
------------------------------------------------

Searching 10 paths for library GDI32.DLL...
Library not found.
------------------------------------------------

Found IW4X.DLL in iw4x:/...
------------------------------------------------

Searching 10 paths for library KERNEL32.DLL...
Library not found.
------------------------------------------------

Searching 10 paths for library MSS32.DLL...
Loading file:///home/horus/Bureau/G/CODA/mss32.dll?MD5=548f39629f991713624527757afc5284...
Created exports file: /home/horus/.config/ghidra/ghidra_12.0.4_PUBLIC/symbols/win32/mss32.exports
Library not saved to project.
------------------------------------------------

Searching 10 paths for library OLE32.DLL...
Library not found.
------------------------------------------------

Searching 10 paths for library POWRPROF.DLL...
Library not found.
------------------------------------------------

Searching 10 paths for library SHELL32.DLL...
Library not found.
------------------------------------------------

Searching 10 paths for library USER32.DLL...
Library not found.
------------------------------------------------

Searching 10 paths for library WINMM.DLL...
Library not found.
------------------------------------------------

Searching 10 paths for library WSOCK32.DLL...
Library not found.
------------------------------------------------

Applying cached symbols from MSS32.DLL
Applying cached symbols from BINKW32.DLL
Linking the External Programs of 'iw4x.exe' to imported libraries...
  [WINMM.DLL] -> not found in project
  [WSOCK32.DLL] -> not found in project
  [IW4X.DLL] -> [/iw4x.dll] (previously imported)
  [MSS32.DLL] -> not found in project
  [BINKW32.DLL] -> not found in project
  [D3D9.DLL] -> not found in project
  [DSOUND.DLL] -> not found in project
  [POWRPROF.DLL] -> not found in project
  [KERNEL32.DLL] -> not found in project
  [USER32.DLL] -> not found in project
  [GDI32.DLL] -> not found in project
  [ADVAPI32.DLL] -> not found in project
  [SHELL32.DLL] -> not found in project
  [OLE32.DLL] -> not found in project
  [DDRAW.DLL] -> not found in project
------------------------------------------------

  
2026-05-01 04:23:02 INFO  (HeadlessAnalyzer) IMPORTING: Loaded 0 additional files  
2026-05-01 04:23:02 INFO  (HeadlessAnalyzer) ANALYZING all memory and code: file:///home/horus/Bureau/G/CODA/iw4x.exe  
2026-05-01 04:23:02 WARN  (NoReturnFunctionAnalyzer) Ignoring leading '_' chars on no-return name '___raise_securityfailure' specified in file: /home/horus/tools/ghidra_12.0.4_PUBLIC/Ghidra/Features/Base/data/PEFunctionsThatDoNotReturn  
2026-05-01 04:23:02 WARN  (NoReturnFunctionAnalyzer) Ignoring leading '_' chars on no-return name '___report_rangecheckfailure' specified in file: /home/horus/tools/ghidra_12.0.4_PUBLIC/Ghidra/Features/Base/data/PEFunctionsThatDoNotReturn  
2026-05-01 04:23:02 DEBUG (SymbolServerService) SymbolServerService: querying Program's Import Location - /home/horus/Bureau/G/CODA for iw4mp.pdb, 92c634b2-25de-4c7e-ac60-17fc19f8a61d, 0, 0, ???  
2026-05-01 04:23:02 DEBUG (SymbolServerService) SymbolServerService: got 0 results from Program's Import Location - /home/horus/Bureau/G/CODA  
2026-05-01 04:23:02 DEBUG (SymbolServerService) SymbolServerService: found 0 matches  
2026-05-01 04:23:02 INFO  (PdbUniversalAnalyzer) Skipping PDB processing: failed to locate PDB file in configured locations  
2026-05-01 04:23:02 INFO  (PdbUniversalAnalyzer) Use a script to set the PDB file location. I.e.,
    PdbAnalyzer.setPdbFileOption(currentProgram, new File("/path/to/pdb/file.pdb")); or
    PdbUniversalAnalyzer.setPdbFileOption(currentProgram, new File("/path/to/pdb/file.pdb"));
Or set the symbol server search configuration using:    PdbPlugin.saveSymbolServerServiceConfig(...);
 This must be done using a pre-script (prior to analysis).  
2026-05-01 04:23:02 INFO  (PackedDatabaseCache) Packed database cache: /var/tmp/horus-ghidra/packed-db-cache  
2026-05-01 04:23:02 DEBUG (PackedDatabaseCache) Using cached packed database: /home/horus/tools/ghidra_12.0.4_PUBLIC/Ghidra/Features/Base/data/typeinfo/win32/windows_vs12_32.gdt  
2026-05-01 04:23:04 INFO  (TypeDescriptorModel) Unprocessed TypeDescriptor: char *  
2026-05-01 04:23:04 INFO  (TypeDescriptorModel) Unprocessed TypeDescriptor: char *  
2026-05-01 04:23:04 INFO  (TypeDescriptorModel) Unprocessed TypeDescriptor: char *  
2026-05-01 04:23:04 INFO  (TypeDescriptorModel) Unprocessed TypeDescriptor: char *  
2026-05-01 04:24:24 INFO  (TypeDescriptorModel) Unprocessed TypeDescriptor: char *  
2026-05-01 04:24:24 INFO  (TypeDescriptorModel) Unprocessed TypeDescriptor: void *  
2026-05-01 04:24:24 INFO  (TypeDescriptorModel) Unprocessed TypeDescriptor: char *  
2026-05-01 04:24:24 INFO  (TypeDescriptorModel) Unprocessed TypeDescriptor: void *  
2026-05-01 04:24:24 INFO  (TypeDescriptorModel) Unprocessed TypeDescriptor: char *  
2026-05-01 04:24:24 INFO  (TypeDescriptorModel) Unprocessed TypeDescriptor: char *  
2026-05-01 04:24:24 INFO  (TypeDescriptorModel) Unprocessed TypeDescriptor: char *  
2026-05-01 04:24:24 INFO  (TypeDescriptorModel) Unprocessed TypeDescriptor: char *  
2026-05-01 04:24:41 INFO  (ApplyDataArchiveAnalyzer) Applied data type archive: windows_vs12_32  
2026-05-01 04:24:42 INFO  (ApplyDataArchiveAnalyzer) Applied data type archive: windows_vs12_32  
2026-05-01 04:25:25 INFO  (AutoAnalysisManager) -----------------------------------------------------
    ASCII Strings                              5.557 secs
    Apply Data Archives                        0.421 secs
    Call Convention ID                         0.898 secs
    Call-Fixup Installer                       0.640 secs
    Create Address Tables                      0.853 secs
    Create Address Tables - One Time           7.276 secs
    Create Function                            3.394 secs
    Data Reference                             1.660 secs
    Decompiler Switch Analysis                31.554 secs
    Demangler Microsoft                        0.080 secs
    Disassemble                                2.328 secs
    Disassemble Entry Points                   7.404 secs
    Embedded Media                             0.273 secs
    External Entry References                  0.000 secs
    Function ID                                5.175 secs
    Function Start Pre Search                  0.032 secs
    Function Start Search                      1.200 secs
    Function Start Search After Code           1.372 secs
    Function Start Search After Data           1.129 secs
    Function Start Search delayed - One Time   0.028 secs
    Non-Returning Functions - Discovered       2.800 secs
    Non-Returning Functions - Known            0.004 secs
    PDB Universal                              0.014 secs
    Reference                                  2.001 secs
    Scalar Operand References                  4.016 secs
    Shared Return Calls                        1.468 secs
    Stack                                     22.635 secs
    Subroutine References                      1.726 secs
    Subroutine References - One Time           0.033 secs
    Windows x86 PE Exception Handling          1.996 secs
    Windows x86 PE RTTI Analyzer               5.357 secs
    Windows x86 Thread Environment Block (TEB) Analyzer     0.013 secs
    WindowsResourceReference                   0.745 secs
    X86 Function Callee Purge                  6.701 secs
    x86 Constant Reference Analyzer           22.273 secs
-----------------------------------------------------
     Total Time   143 secs
-----------------------------------------------------
  
2026-05-01 04:25:25 INFO  (HeadlessAnalyzer) REPORT: Analysis succeeded for file: file:///home/horus/Bureau/G/CODA/iw4x.exe  
2026-05-01 04:25:25 INFO  (LocalFileSystem) /iw4x.exe: file created (horus)  
2026-05-01 04:25:25 INFO  (HeadlessAnalyzer) REPORT: Save succeeded for: /iw4x.exe (iw4x:/iw4x.exe)  
2026-05-01 04:25:25 INFO  (HeadlessAnalyzer) REPORT: Import succeeded  
